C51 COMPILER V9.00   RADAR                                                                 11/02/2021 10:19:31 PAGE 1   


C51 COMPILER V9.00, COMPILATION OF MODULE RADAR
OBJECT MODULE PLACED IN radar.OBJ
COMPILER INVOKED BY: C:\Keil\C51\BIN\C51.EXE radar.c BROWSE DEBUG OBJECTEXTEND

line level    source

   1          #include <radar.h>
   2                                  
   3          unsigned char i = 0;
   4          unsigned int len = 0;
   5          void radarInit(void)
   6          {
   7   1              TMOD &= 0xF0;
   8   1              TMOD |= 0x01;
   9   1              TH0 = 0;
  10   1              TL0 = 0;
  11   1              ET0 = 0;
  12   1      }
  13          
  14          unsigned int radarGetDistance(void)
  15          {
  16   1              SR_Trig = 1;
  17   1              Delay10us();
  18   1              SR_Trig = 0;
  19   1              while(!SR_Echo);
  20   1              TR0 = 1;
  21   1              while(SR_Echo);
  22   1              TR0 = 0;
  23   1              len = (TH0 <<8) + TL0;
  24   1              TH0 = 0;
  25   1              TL0 = 0;
  26   1              return len; 
  27   1      }


MODULE INFORMATION:   STATIC OVERLAYABLE
   CODE SIZE        =     57    ----
   CONSTANT SIZE    =   ----    ----
   XDATA SIZE       =   ----    ----
   PDATA SIZE       =   ----    ----
   DATA SIZE        =      3    ----
   IDATA SIZE       =   ----    ----
   BIT SIZE         =   ----    ----
END OF MODULE INFORMATION.


C51 COMPILATION COMPLETE.  0 WARNING(S),  0 ERROR(S)
