C51 COMPILER V9.00   UART                                                                  11/02/2021 10:19:30 PAGE 1   


C51 COMPILER V9.00, COMPILATION OF MODULE UART
OBJECT MODULE PLACED IN uart.OBJ
COMPILER INVOKED BY: C:\Keil\C51\BIN\C51.EXE uart.c BROWSE DEBUG OBJECTEXTEND

line level    source

   1          #include <uart.h>
   2          
   3          void uartInit(void)
   4          {
   5   1              SCON=0x50;
   6   1              AUXR &=0xBF;
   7   1              AUXR &=0xFE;
   8   1              TMOD &=0x0F;
   9   1              TL1=0xE6;
  10   1              TH1=0xFF;
  11   1              ET1=0;
  12   1              TR1=1;
  13   1              REN=1;
  14   1              ES=1;   
  15   1      }
  16          
  17          void uartStrTx(char* str)
  18          {
  19   1              unsigned int idx=0;
  20   1              while(*(str+idx)!='\0')
  21   1              {
  22   2                      uartCharTx(*(str+idx));
  23   2                      idx++;
  24   2              }       
  25   1      }
  26          
  27          void uartCharTx(unsigned char data1)
  28          {
  29   1              ES=0;
  30   1              SBUF = data1;
  31   1              TI = 0;
  32   1              while(!TI);
  33   1              ES=1;
  34   1      }                                                                     


MODULE INFORMATION:   STATIC OVERLAYABLE
   CODE SIZE        =     82    ----
   CONSTANT SIZE    =   ----    ----
   XDATA SIZE       =   ----    ----
   PDATA SIZE       =   ----    ----
   DATA SIZE        =   ----       5
   IDATA SIZE       =   ----    ----
   BIT SIZE         =   ----    ----
END OF MODULE INFORMATION.


C51 COMPILATION COMPLETE.  0 WARNING(S),  0 ERROR(S)
